<?xml version="1.0" encoding="UTF-8"?>
<!-- Generated by org.testng.reporters.JUnitXMLReporter -->
<testsuite ignored="0" hostname="makhtar-lp" failures="1" tests="11" name="Test" time="4.606" errors="0" timestamp="16 May 2022 07:16:38 GMT">
  <testcase classname="testpackages.DataDrivenExamples" name="test_delete" time="1.069"/>
  <testcase classname="testpackages.DataDrivenExamples" name="test_delete" time="0.033"/>
  <testcase classname="testpackages.DataDrivenExamples" name="test_delete" time="0.044"/>
  <testcase classname="testpackages.Test_DELETE" name="test_1_delete" time="0.546"/>
  <testcase classname="testpackages.Tests_GET" name="test_01" time="0.135"/>
  <testcase classname="testpackages.Tests_GET" name="test_02" time="0.707">
    <failure type="java.lang.AssertionError" message="1 expectation failed.
JSON path data.first_name doesn&amp;apos;t match.
Expected: (a collection containing &amp;quot;Michael1&amp;quot; and a collection containing &amp;quot;Lindsay&amp;quot; and a collection containing &amp;quot;Tobias&amp;quot;)
  Actual: &amp;lt;[Michael, Lindsay, Tobias, Byron, George, Rachel]&amp;gt;
">
      <![CDATA[java.lang.AssertionError: 1 expectation failed.
JSON path data.first_name doesn't match.
Expected: (a collection containing "Michael1" and a collection containing "Lindsay" and a collection containing "Tobias")
  Actual: <[Michael, Lindsay, Tobias, Byron, George, Rachel]>

at org.codehaus.groovy.runtime.callsite.ConstructorSite$ConstructorSiteNoUnwrapNoCoerce.callConstructor(ConstructorSite.java:105)
at org.codehaus.groovy.runtime.callsite.CallSiteArray.defaultCallConstructor(CallSiteArray.java:59)
at org.codehaus.groovy.runtime.callsite.AbstractCallSite.callConstructor(AbstractCallSite.java:263)
at org.codehaus.groovy.runtime.callsite.AbstractCallSite.callConstructor(AbstractCallSite.java:277)
at io.restassured.internal.ResponseSpecificationImpl$HamcrestAssertionClosure.validate(ResponseSpecificationImpl.groovy:499)
at io.restassured.internal.ResponseSpecificationImpl$HamcrestAssertionClosure$validate$1.call(Unknown Source)
at io.restassured.internal.ResponseSpecificationImpl.validateResponseIfRequired(ResponseSpecificationImpl.groovy:684)
at org.codehaus.groovy.runtime.callsite.PlainObjectMetaMethodSite.doInvoke(PlainObjectMetaMethodSite.java:43)
at org.codehaus.groovy.runtime.callsite.PogoMetaMethodSite$PogoCachedMethodSiteNoUnwrapNoCoerce.invoke(PogoMetaMethodSite.java:193)
at org.codehaus.groovy.runtime.callsite.PogoMetaMethodSite.callCurrent(PogoMetaMethodSite.java:61)
at org.codehaus.groovy.runtime.callsite.AbstractCallSite.callCurrent(AbstractCallSite.java:185)
at io.restassured.internal.ResponseSpecificationImpl.body(ResponseSpecificationImpl.groovy:262)
at io.restassured.specification.ResponseSpecification$body$1.callCurrent(Unknown Source)
at org.codehaus.groovy.runtime.callsite.CallSiteArray.defaultCallCurrent(CallSiteArray.java:51)
at io.restassured.specification.ResponseSpecification$body$1.callCurrent(Unknown Source)
at io.restassured.internal.ResponseSpecificationImpl.body(ResponseSpecificationImpl.groovy:109)
at io.restassured.internal.ValidatableResponseOptionsImpl.body(ValidatableResponseOptionsImpl.java:244)
at io.restassured.internal.ValidatableResponseImpl.super$2$body(ValidatableResponseImpl.groovy)
at groovy.lang.MetaMethod.doMethodInvoke(MetaMethod.java:323)
at groovy.lang.MetaClassImpl.invokeMethod(MetaClassImpl.java:1268)
at org.codehaus.groovy.runtime.ScriptBytecodeAdapter.invokeMethodOnSuperN(ScriptBytecodeAdapter.java:144)
at io.restassured.internal.ValidatableResponseImpl.body(ValidatableResponseImpl.groovy:298)
at io.restassured.internal.ValidatableResponseImpl.body(ValidatableResponseImpl.groovy)
at testpackages.Tests_GET.test_02(Tests_GET.java:29)
... Removed 40 stack frames]]>
    </failure>
  </testcase> <!-- test_02 -->
  <testcase classname="testpackages.Tests_POST" name="test_1_post" time="0.406"/>
  <testcase classname="testpackages.Test01_GET" name="test_01" time="0.338"/>
  <testcase classname="testpackages.Test01_GET" name="test_02" time="0.287"/>
  <testcase classname="testpackages.Tests_PATCH" name="test_1_patch" time="0.406"/>
  <testcase classname="testpackages.Tests_PUT" name="test_2_put" time="0.605"/>
</testsuite> <!-- Test -->
