<?xml version="1.0" encoding="UTF-8"?>
<testng-results ignored="0" total="11" passed="10" failed="1" skipped="0">
  <reporter-output>
  </reporter-output>
  <suite started-at="2022-05-16T07:16:34Z" name="Suite" finished-at="2022-05-16T07:16:38Z" duration-ms="4606">
    <groups>
    </groups>
    <test started-at="2022-05-16T07:16:34Z" name="Test" finished-at="2022-05-16T07:16:38Z" duration-ms="4606">
      <class name="testpackages.Test_DELETE">
        <test-method signature="test_1_delete()[pri:0, instance:testpackages.Test_DELETE@7d286fb6]" started-at="2022-05-16T07:16:35Z" name="test_1_delete" finished-at="2022-05-16T07:16:35Z" duration-ms="546" status="PASS">
          <reporter-output>
          </reporter-output>
        </test-method> <!-- test_1_delete -->
      </class> <!-- testpackages.Test_DELETE -->
      <class name="testpackages.Tests_POST">
        <test-method signature="test_1_post()[pri:0, instance:testpackages.Tests_POST@7aaca91a]" started-at="2022-05-16T07:16:36Z" name="test_1_post" finished-at="2022-05-16T07:16:37Z" duration-ms="406" status="PASS">
          <reporter-output>
          </reporter-output>
        </test-method> <!-- test_1_post -->
      </class> <!-- testpackages.Tests_POST -->
      <class name="testpackages.Tests_PATCH">
        <test-method signature="test_1_patch()[pri:0, instance:testpackages.Tests_PATCH@41005828]" started-at="2022-05-16T07:16:37Z" name="test_1_patch" finished-at="2022-05-16T07:16:38Z" duration-ms="406" status="PASS">
          <reporter-output>
          </reporter-output>
        </test-method> <!-- test_1_patch -->
      </class> <!-- testpackages.Tests_PATCH -->
      <class name="testpackages.Tests_PUT">
        <test-method signature="test_2_put()[pri:0, instance:testpackages.Tests_PUT@60b4beb4]" started-at="2022-05-16T07:16:38Z" name="test_2_put" finished-at="2022-05-16T07:16:38Z" duration-ms="605" status="PASS">
          <reporter-output>
          </reporter-output>
        </test-method> <!-- test_2_put -->
      </class> <!-- testpackages.Tests_PUT -->
      <class name="testpackages.Test01_GET">
        <test-method signature="test_01()[pri:0, instance:testpackages.Test01_GET@44c73c26]" started-at="2022-05-16T07:16:37Z" name="test_01" finished-at="2022-05-16T07:16:37Z" duration-ms="338" status="PASS">
          <reporter-output>
          </reporter-output>
        </test-method> <!-- test_01 -->
        <test-method signature="test_02()[pri:0, instance:testpackages.Test01_GET@44c73c26]" started-at="2022-05-16T07:16:37Z" name="test_02" finished-at="2022-05-16T07:16:37Z" duration-ms="287" status="PASS">
          <reporter-output>
          </reporter-output>
        </test-method> <!-- test_02 -->
      </class> <!-- testpackages.Test01_GET -->
      <class name="testpackages.Tests_GET">
        <test-method signature="test_01()[pri:0, instance:testpackages.Tests_GET@3eb77ea8]" started-at="2022-05-16T07:16:35Z" name="test_01" finished-at="2022-05-16T07:16:36Z" duration-ms="135" status="PASS">
          <reporter-output>
          </reporter-output>
        </test-method> <!-- test_01 -->
        <test-method signature="test_02()[pri:0, instance:testpackages.Tests_GET@3eb77ea8]" started-at="2022-05-16T07:16:36Z" name="test_02" finished-at="2022-05-16T07:16:36Z" duration-ms="707" status="FAIL">
          <exception class="java.lang.AssertionError">
            <message>
              <![CDATA[1 expectation failed.
JSON path data.first_name doesn't match.
Expected: (a collection containing "Michael1" and a collection containing "Lindsay" and a collection containing "Tobias")
  Actual: <[Michael, Lindsay, Tobias, Byron, George, Rachel]>
]]>
            </message>
            <full-stacktrace>
              <![CDATA[java.lang.AssertionError: 1 expectation failed.
JSON path data.first_name doesn't match.
Expected: (a collection containing "Michael1" and a collection containing "Lindsay" and a collection containing "Tobias")
  Actual: <[Michael, Lindsay, Tobias, Byron, George, Rachel]>

at java.base/jdk.internal.reflect.NativeConstructorAccessorImpl.newInstance0(Native Method)
at java.base/jdk.internal.reflect.NativeConstructorAccessorImpl.newInstance(NativeConstructorAccessorImpl.java:77)
at java.base/jdk.internal.reflect.DelegatingConstructorAccessorImpl.newInstance(DelegatingConstructorAccessorImpl.java:45)
at java.base/java.lang.reflect.Constructor.newInstanceWithCaller(Constructor.java:499)
at java.base/java.lang.reflect.Constructor.newInstance(Constructor.java:480)
at org.codehaus.groovy.reflection.CachedConstructor.invoke(CachedConstructor.java:72)
at org.codehaus.groovy.runtime.callsite.ConstructorSite$ConstructorSiteNoUnwrapNoCoerce.callConstructor(ConstructorSite.java:105)
at org.codehaus.groovy.runtime.callsite.CallSiteArray.defaultCallConstructor(CallSiteArray.java:59)
at org.codehaus.groovy.runtime.callsite.AbstractCallSite.callConstructor(AbstractCallSite.java:263)
at org.codehaus.groovy.runtime.callsite.AbstractCallSite.callConstructor(AbstractCallSite.java:277)
at io.restassured.internal.ResponseSpecificationImpl$HamcrestAssertionClosure.validate(ResponseSpecificationImpl.groovy:499)
at io.restassured.internal.ResponseSpecificationImpl$HamcrestAssertionClosure$validate$1.call(Unknown Source)
at io.restassured.internal.ResponseSpecificationImpl.validateResponseIfRequired(ResponseSpecificationImpl.groovy:684)
at java.base/jdk.internal.reflect.NativeMethodAccessorImpl.invoke0(Native Method)
at java.base/jdk.internal.reflect.NativeMethodAccessorImpl.invoke(NativeMethodAccessorImpl.java:77)
at java.base/jdk.internal.reflect.DelegatingMethodAccessorImpl.invoke(DelegatingMethodAccessorImpl.java:43)
at java.base/java.lang.reflect.Method.invoke(Method.java:568)
at org.codehaus.groovy.runtime.callsite.PlainObjectMetaMethodSite.doInvoke(PlainObjectMetaMethodSite.java:43)
at org.codehaus.groovy.runtime.callsite.PogoMetaMethodSite$PogoCachedMethodSiteNoUnwrapNoCoerce.invoke(PogoMetaMethodSite.java:193)
at org.codehaus.groovy.runtime.callsite.PogoMetaMethodSite.callCurrent(PogoMetaMethodSite.java:61)
at org.codehaus.groovy.runtime.callsite.AbstractCallSite.callCurrent(AbstractCallSite.java:185)
at io.restassured.internal.ResponseSpecificationImpl.body(ResponseSpecificationImpl.groovy:262)
at io.restassured.specification.ResponseSpecification$body$1.callCurrent(Unknown Source)
at org.codehaus.groovy.runtime.callsite.CallSiteArray.defaultCallCurrent(CallSiteArray.java:51)
at io.restassured.specification.ResponseSpecification$body$1.callCurrent(Unknown Source)
at io.restassured.internal.ResponseSpecificationImpl.body(ResponseSpecificationImpl.groovy:109)
at io.restassured.internal.ValidatableResponseOptionsImpl.body(ValidatableResponseOptionsImpl.java:244)
at io.restassured.internal.ValidatableResponseImpl.super$2$body(ValidatableResponseImpl.groovy)
at java.base/jdk.internal.reflect.NativeMethodAccessorImpl.invoke0(Native Method)
at java.base/jdk.internal.reflect.NativeMethodAccessorImpl.invoke(NativeMethodAccessorImpl.java:77)
at java.base/jdk.internal.reflect.DelegatingMethodAccessorImpl.invoke(DelegatingMethodAccessorImpl.java:43)
at java.base/java.lang.reflect.Method.invoke(Method.java:568)
at org.codehaus.groovy.reflection.CachedMethod.invoke(CachedMethod.java:107)
at groovy.lang.MetaMethod.doMethodInvoke(MetaMethod.java:323)
at groovy.lang.MetaClassImpl.invokeMethod(MetaClassImpl.java:1268)
at org.codehaus.groovy.runtime.ScriptBytecodeAdapter.invokeMethodOnSuperN(ScriptBytecodeAdapter.java:144)
at io.restassured.internal.ValidatableResponseImpl.body(ValidatableResponseImpl.groovy:298)
at io.restassured.internal.ValidatableResponseImpl.body(ValidatableResponseImpl.groovy)
at testpackages.Tests_GET.test_02(Tests_GET.java:29)
at java.base/jdk.internal.reflect.NativeMethodAccessorImpl.invoke0(Native Method)
at java.base/jdk.internal.reflect.NativeMethodAccessorImpl.invoke(NativeMethodAccessorImpl.java:77)
at java.base/jdk.internal.reflect.DelegatingMethodAccessorImpl.invoke(DelegatingMethodAccessorImpl.java:43)
at java.base/java.lang.reflect.Method.invoke(Method.java:568)
at org.testng.internal.MethodInvocationHelper.invokeMethod(MethodInvocationHelper.java:124)
at org.testng.internal.Invoker.invokeMethod(Invoker.java:583)
at org.testng.internal.Invoker.invokeTestMethod(Invoker.java:719)
at org.testng.internal.Invoker.invokeTestMethods(Invoker.java:989)
at org.testng.internal.TestMethodWorker.invokeTestMethods(TestMethodWorker.java:125)
at org.testng.internal.TestMethodWorker.run(TestMethodWorker.java:109)
at org.testng.TestRunner.privateRun(TestRunner.java:648)
at org.testng.TestRunner.run(TestRunner.java:505)
at org.testng.SuiteRunner.runTest(SuiteRunner.java:455)
at org.testng.SuiteRunner.runSequentially(SuiteRunner.java:450)
at org.testng.SuiteRunner.privateRun(SuiteRunner.java:415)
at org.testng.SuiteRunner.run(SuiteRunner.java:364)
at org.testng.SuiteRunnerWorker.runSuite(SuiteRunnerWorker.java:52)
at org.testng.SuiteRunnerWorker.run(SuiteRunnerWorker.java:84)
at org.testng.TestNG.runSuitesSequentially(TestNG.java:1208)
at org.testng.TestNG.runSuitesLocally(TestNG.java:1137)
at org.testng.TestNG.runSuites(TestNG.java:1049)
at org.testng.TestNG.run(TestNG.java:1017)
at org.testng.remote.AbstractRemoteTestNG.run(AbstractRemoteTestNG.java:115)
at org.testng.remote.RemoteTestNG.initAndRun(RemoteTestNG.java:251)
at org.testng.remote.RemoteTestNG.main(RemoteTestNG.java:77)
]]>
            </full-stacktrace>
          </exception> <!-- java.lang.AssertionError -->
          <reporter-output>
          </reporter-output>
        </test-method> <!-- test_02 -->
      </class> <!-- testpackages.Tests_GET -->
      <class name="testpackages.DataDrivenExamples">
        <test-method signature="test_delete(int)[pri:0, instance:testpackages.DataDrivenExamples@48793bef]" started-at="2022-05-16T07:16:34Z" name="test_delete" data-provider="DataForDelete" finished-at="2022-05-16T07:16:35Z" duration-ms="1069" status="PASS">
          <params>
            <param index="0">
              <value>
                <![CDATA[8]]>
              </value>
            </param>
          </params>
          <reporter-output>
          </reporter-output>
        </test-method> <!-- test_delete -->
        <test-method signature="test_delete(int)[pri:0, instance:testpackages.DataDrivenExamples@48793bef]" started-at="2022-05-16T07:16:35Z" name="test_delete" data-provider="DataForDelete" finished-at="2022-05-16T07:16:35Z" duration-ms="33" status="PASS">
          <params>
            <param index="0">
              <value>
                <![CDATA[9]]>
              </value>
            </param>
          </params>
          <reporter-output>
          </reporter-output>
        </test-method> <!-- test_delete -->
        <test-method signature="test_delete(int)[pri:0, instance:testpackages.DataDrivenExamples@48793bef]" started-at="2022-05-16T07:16:35Z" name="test_delete" data-provider="DataForDelete" finished-at="2022-05-16T07:16:35Z" duration-ms="44" status="PASS">
          <params>
            <param index="0">
              <value>
                <![CDATA[10]]>
              </value>
            </param>
          </params>
          <reporter-output>
          </reporter-output>
        </test-method> <!-- test_delete -->
      </class> <!-- testpackages.DataDrivenExamples -->
    </test> <!-- Test -->
  </suite> <!-- Suite -->
</testng-results>
